2024-01-13T01:33:28.002Z 0: 

----------------------------------------------
2024-01-13T01:33:28.027Z 1: Discord starting: {"releaseChannel":"stable","version":"0.0.40"}, modulepath: /home/bag/.config/discord/0.0.40/modules
2024-01-13T01:33:28.038Z 2: ✅ webContents.created web1 ""
2024-01-13T01:33:28.045Z 3: ✅ window.created win1 "discord"
2024-01-13T01:33:28.382Z 4: ✅ webContents.did-finish-load web1
2024-01-13T01:33:38.723Z 5: ✅ webContents.created web2 ""
2024-01-13T01:33:38.726Z 6: ✅ window.created win2 "Discord"
2024-01-13T01:33:43.417Z 7: ❌ webContents.did-fail-load web2" -3 
2024-01-13T01:33:45.097Z 8: ✅ webContents.did-finish-load web2
2024-01-13T01:33:45.196Z 9: window.close win1
2024-01-13T01:33:45.278Z 10: webContents.destroyed web1
2024-01-13T01:33:45.287Z 11: window.closed win1
2024-01-13T01:33:56.254Z 12: window.close win2
2024-01-13T01:34:18.028Z 0: 

----------------------------------------------
2024-01-13T01:34:18.055Z 1: Discord starting: {"releaseChannel":"stable","version":"0.0.40"}, modulepath: /home/bag/.config/discord/0.0.40/modules
2024-01-13T01:36:48.941Z 13: window.close win2
2024-01-13T01:37:00.683Z 0: 

----------------------------------------------
2024-01-13T01:37:00.715Z 1: Discord starting: {"releaseChannel":"stable","version":"0.0.40"}, modulepath: /home/bag/.config/discord/0.0.40/modules
2024-01-13T01:37:07.057Z 14: before-quit
2024-01-13T01:37:07.069Z 15: window.close win2
2024-01-13T01:37:07.083Z 16: webContents.destroyed web2
2024-01-13T01:37:07.094Z 17: window.closed win2
2024-01-13T01:37:10.433Z 0: 

----------------------------------------------
2024-01-13T01:37:10.449Z 1: Discord starting: {"releaseChannel":"stable","version":"0.0.40"}, modulepath: /home/bag/.config/discord/0.0.40/modules
2024-01-13T01:37:10.471Z 2: ✅ webContents.created web1 ""
2024-01-13T01:37:10.476Z 3: ✅ window.created win1 "discord"
2024-01-13T01:37:10.789Z 4: ✅ webContents.did-finish-load web1
2024-01-13T01:37:11.762Z 5: ✅ webContents.created web2 ""
2024-01-13T01:37:11.767Z 6: ✅ window.created win2 "Discord"
2024-01-13T01:37:14.612Z 7: ✅ webContents.did-finish-load web2
2024-01-13T01:37:14.710Z 8: window.close win1
2024-01-13T01:37:14.747Z 9: webContents.destroyed web1
2024-01-13T01:37:14.751Z 10: window.closed win1
2024-01-13T01:47:03.680Z 11: ❌ webContents.nresponsive web2
2024-01-13T01:47:33.609Z 12: ❌ webContents.nresponsive web2
2024-01-13T01:47:34.965Z 13: window.close win2
2024-01-13T01:47:39.251Z 0: 

----------------------------------------------
2024-01-13T01:47:39.275Z 1: Discord starting: {"releaseChannel":"stable","version":"0.0.40"}, modulepath: /home/bag/.config/discord/0.0.40/modules
2024-01-13T01:47:44.815Z 14: before-quit
2024-01-13T01:47:44.826Z 15: window.close win2
2024-01-13T01:47:45.819Z 16: webContents.destroyed web2
2024-01-13T01:47:48.438Z 0: 

----------------------------------------------
2024-01-13T01:47:48.480Z 1: Discord starting: {"releaseChannel":"stable","version":"0.0.40"}, modulepath: /home/bag/.config/discord/0.0.40/modules
2024-01-13T01:47:48.486Z 2: ✅ webContents.created web1 ""
2024-01-13T01:47:48.489Z 3: ✅ window.created win1 "discord"
2024-01-13T01:47:48.773Z 4: ✅ webContents.did-finish-load web1
2024-01-13T01:47:49.150Z 5: ✅ webContents.created web2 ""
2024-01-13T01:47:49.155Z 6: ✅ window.created win2 "Discord"
2024-01-13T01:47:51.976Z 7: ✅ webContents.did-finish-load web2
2024-01-13T01:47:52.074Z 8: window.close win1
2024-01-13T01:47:52.099Z 9: webContents.destroyed web1
2024-01-13T01:47:52.100Z 10: window.closed win1
2024-01-13T02:42:44.430Z 0: 

----------------------------------------------
2024-01-13T02:42:44.447Z 1: Discord starting: {"releaseChannel":"stable","version":"0.0.40"}, modulepath: /home/bag/.config/discord/0.0.40/modules
2024-01-13T02:42:44.474Z 2: ✅ webContents.created web1 ""
2024-01-13T02:42:44.479Z 3: ✅ window.created win1 "discord"
2024-01-13T02:42:44.853Z 4: ✅ webContents.did-finish-load web1
2024-01-13T02:42:45.600Z 5: ✅ webContents.created web2 ""
2024-01-13T02:42:45.604Z 6: ✅ window.created win2 "Discord"
2024-01-13T02:42:48.529Z 7: ✅ webContents.did-finish-load web2
2024-01-13T02:42:48.628Z 8: window.close win1
2024-01-13T02:42:48.652Z 9: webContents.destroyed web1
2024-01-13T02:42:48.653Z 10: window.closed win1
2024-01-13T02:47:51.620Z 11: window.close win2
2024-01-13T02:48:01.644Z 12: before-quit
2024-01-13T02:48:01.648Z 13: window.close win2
2024-01-13T02:48:02.647Z 14: webContents.destroyed web2
2024-01-13T02:48:06.062Z 0: 

----------------------------------------------
2024-01-13T02:48:06.079Z 1: Discord starting: {"releaseChannel":"stable","version":"0.0.40"}, modulepath: /home/bag/.config/discord/0.0.40/modules
2024-01-13T02:48:06.101Z 2: ✅ webContents.created web1 ""
2024-01-13T02:48:06.106Z 3: ✅ window.created win1 "discord"
2024-01-13T02:48:06.408Z 4: ✅ webContents.did-finish-load web1
2024-01-13T02:48:07.105Z 5: ✅ webContents.created web2 ""
2024-01-13T02:48:07.109Z 6: ✅ window.created win2 "Discord"
2024-01-13T02:48:09.948Z 7: ✅ webContents.did-finish-load web2
2024-01-13T02:48:10.047Z 8: window.close win1
2024-01-13T02:48:10.059Z 9: webContents.destroyed web1
2024-01-13T02:48:10.064Z 10: window.closed win1
2024-01-13T02:50:07.212Z 11: before-quit
2024-01-13T02:50:07.225Z 12: window.close win2
2024-01-13T02:50:07.230Z 13: webContents.destroyed web2
2024-01-13T02:50:07.238Z 14: window.closed win2
2024-01-13T02:50:08.066Z 0: 

----------------------------------------------
2024-01-13T02:50:08.082Z 1: Discord starting: {"releaseChannel":"stable","version":"0.0.40"}, modulepath: /home/bag/.config/discord/0.0.40/modules
2024-01-13T02:50:08.102Z 2: ✅ webContents.created web1 ""
2024-01-13T02:50:08.108Z 3: ✅ window.created win1 "discord"
2024-01-13T02:50:08.419Z 4: ✅ webContents.did-finish-load web1
2024-01-13T02:50:09.164Z 5: ✅ webContents.created web2 ""
2024-01-13T02:50:09.169Z 6: ✅ window.created win2 "Discord"
2024-01-13T02:50:13.206Z 7: ✅ webContents.did-finish-load web2
2024-01-13T02:50:13.305Z 8: window.close win1
2024-01-13T02:50:13.344Z 9: webContents.destroyed web1
2024-01-13T02:50:13.350Z 10: window.closed win1
2024-01-13T03:04:33.773Z 11: ❌ webContents.nresponsive web2
2024-01-13T03:05:48.950Z 12: before-quit
2024-01-13T03:07:14.378Z 0: 

----------------------------------------------
2024-01-13T03:07:14.388Z 1: Discord starting: {"releaseChannel":"stable","version":"0.0.40"}, modulepath: /home/bag/.config/discord/0.0.40/modules
2024-01-13T03:07:14.399Z 2: ✅ webContents.created web1 ""
2024-01-13T03:07:14.402Z 3: ✅ window.created win1 "discord"
2024-01-13T03:07:14.737Z 4: ✅ webContents.did-finish-load web1
2024-01-13T03:07:15.285Z 5: ✅ webContents.created web2 ""
2024-01-13T03:07:15.288Z 6: ✅ window.created win2 "Discord"
2024-01-13T03:07:17.210Z 7: ✅ webContents.did-finish-load web2
2024-01-13T03:07:17.303Z 8: window.close win1
2024-01-13T03:07:17.325Z 9: webContents.destroyed web1
2024-01-13T03:07:17.326Z 10: window.closed win1
2024-01-13T03:07:37.301Z 11: window.close win2
2024-01-13T04:32:41.825Z 12: before-quit
2024-01-13T04:32:41.827Z 13: window.close win2
2024-01-13T04:32:41.851Z 14: webContents.destroyed web2
2024-01-13T04:32:41.863Z 15: window.closed win2
2024-01-17T19:17:18.867Z 0: 

----------------------------------------------
2024-01-17T19:17:18.895Z 1: Discord starting: {"releaseChannel":"stable","version":"0.0.40"}, modulepath: /home/bag/.config/discord/0.0.40/modules
2024-01-17T19:17:18.898Z 2: ✅ webContents.created web1 ""
2024-01-17T19:17:18.901Z 3: ✅ window.created win1 "discord"
2024-01-17T19:17:19.209Z 4: ✅ webContents.did-finish-load web1
2024-01-17T19:17:19.841Z 5: ✅ webContents.created web2 ""
2024-01-17T19:17:19.844Z 6: ✅ window.created win2 "Discord"
2024-01-17T19:17:22.624Z 7: ✅ webContents.did-finish-load web2
2024-01-17T19:17:22.720Z 8: window.close win1
2024-01-17T19:17:22.769Z 9: webContents.destroyed web1
2024-01-17T19:17:22.772Z 10: window.closed win1
2024-01-17T19:17:49.696Z 11: window.close win2
2024-01-17T19:18:11.272Z 0: 

----------------------------------------------
2024-01-17T19:18:11.291Z 1: Discord starting: {"releaseChannel":"stable","version":"0.0.40"}, modulepath: /home/bag/.config/discord/0.0.40/modules
2024-01-17T19:18:26.230Z 12: window.close win2
2024-01-22T17:51:26.943Z 0: 

----------------------------------------------
2024-01-22T17:51:26.963Z 1: Discord starting: {"releaseChannel":"stable","version":"0.0.40"}, modulepath: /home/bag/.config/discord/0.0.40/modules
2024-01-22T17:51:26.966Z 2: ✅ webContents.created web1 ""
2024-01-22T17:51:26.969Z 3: ✅ window.created win1 "discord"
2024-01-22T17:51:27.208Z 4: ✅ webContents.did-finish-load web1
2024-01-22T17:51:28.270Z 5: ✅ webContents.created web2 ""
2024-01-22T17:51:28.272Z 6: ✅ window.created win2 "Discord"
2024-01-22T17:51:30.815Z 7: ✅ webContents.did-finish-load web2
2024-01-22T17:51:30.909Z 8: window.close win1
2024-01-22T17:51:30.924Z 9: webContents.destroyed web1
2024-01-22T17:51:30.926Z 10: window.closed win1
2024-01-22T18:08:22.812Z 11: window.close win2
2024-01-22T18:34:38.976Z 12: before-quit
2024-01-22T18:34:38.987Z 13: window.close win2
2024-01-22T18:34:39.005Z 14: webContents.destroyed web2
